<?xml version="1.0" encoding="UTF-8"?>
<!-- Generated by org.testng.reporters.JUnitReportReporter -->
<testsuite hostname="LAPTOP-0L5A3EEK" failures="0" tests="3" name="TestNG_Program.priority" time="0.011" errors="0" timestamp="2022-10-31T20:21:15 IST" skipped="0">
  <testcase classname="TestNG_Program.priority" name="TC2" time="0.009"/>
  <system-out>
    <![CDATA[Running TC2]]>
  </system-out>
  <testcase classname="TestNG_Program.priority" name="TC3" time="0.001"/>
  <system-out>
    <![CDATA[Running TC3]]>
  </system-out>
  <testcase classname="TestNG_Program.priority" name="TC1" time="0.001"/>
  <system-out>
    <![CDATA[Running TC1]]>
  </system-out>
</testsuite> <!-- TestNG_Program.priority -->
