<?xml version="1.0" encoding="UTF-8"?>
<!-- Generated by org.testng.reporters.JUnitReportReporter -->
<testsuite hostname="LAPTOP-0L5A3EEK" failures="0" tests="1" name="TestNG_Program.A2" time="0.010" errors="0" timestamp="2022-11-01T12:23:51 IST" skipped="0">
  <testcase classname="TestNG_Program.A2" name="TC6" time="0.010"/>
  <system-out>
    <![CDATA[Running TC6]]>
  </system-out>
</testsuite> <!-- TestNG_Program.A2 -->
