<?xml version="1.0" encoding="UTF-8"?>
<!-- Generated by org.testng.reporters.JUnitReportReporter -->
<testsuite hostname="LAPTOP-0L5A3EEK" failures="0" tests="2" name="TestNG_Program.enabled" time="0.009" errors="0" timestamp="2022-10-31T19:02:51 IST" skipped="1">
  <testcase classname="TestNG_Program.enabled" name="TC2" time="0.009"/>
  <system-out>
    <![CDATA[Running TC2]]>
  </system-out>
  <testcase classname="TestNG_Program.enabled" name="TC1">
    <skipped/>
  </testcase> <!-- TC1 -->
  <system-out/>
</testsuite> <!-- TestNG_Program.enabled -->
