<?xml version="1.0" encoding="UTF-8"?>
<!-- Generated by org.testng.reporters.JUnitReportReporter -->
<testsuite hostname="LAPTOP-0L5A3EEK" failures="0" tests="1" name="TestNG_Program.Annotations" time="0.006" errors="0" timestamp="2022-11-01T09:07:26 IST" skipped="0">
  <testcase classname="TestNG_Program.Annotations" name="verifyID" time="0.006"/>
  <system-out>
    <![CDATA[Verify user ID]]>
  </system-out>
</testsuite> <!-- TestNG_Program.Annotations -->
