<?xml version="1.0" encoding="UTF-8"?>
<!-- Generated by org.testng.reporters.JUnitReportReporter -->
<testsuite hostname="LAPTOP-0L5A3EEK" failures="0" tests="1" name="Parallel_Execution.Parallel1" time="8.239" errors="0" timestamp="2022-11-02T20:03:37 IST" skipped="0">
  <testcase classname="Parallel_Execution.Parallel1" name="tc1" time="8.239"/>
  <system-out/>
</testsuite> <!-- Parallel_Execution.Parallel1 -->
