<?xml version="1.0" encoding="UTF-8"?>
<!-- Generated by org.testng.reporters.JUnitReportReporter -->
<testsuite hostname="LAPTOP-0L5A3EEK" failures="0" tests="1" name="TestNG_Program.Program_Hi" time="0.011" errors="0" timestamp="2022-10-29T14:21:29 IST" skipped="0">
  <testcase classname="TestNG_Program.Program_Hi" name="m1" time="0.011"/>
  <system-out>
    <![CDATA[Hi
123456
ADVIK]]>
  </system-out>
</testsuite> <!-- TestNG_Program.Program_Hi -->
