<?xml version="1.0" encoding="UTF-8"?>
<!-- Generated by org.testng.reporters.JUnitReportReporter -->
<testsuite hostname="LAPTOP-0L5A3EEK" failures="0" tests="3" name="TestNG_Program.A3" time="0.005" errors="0" timestamp="2022-11-01T12:23:51 IST" skipped="0">
  <testcase classname="TestNG_Program.A3" name="TC7" time="0.002"/>
  <system-out>
    <![CDATA[Running TC7]]>
  </system-out>
  <testcase classname="TestNG_Program.A3" name="TC8" time="0.002"/>
  <system-out>
    <![CDATA[Running TC8]]>
  </system-out>
  <testcase classname="TestNG_Program.A3" name="TC9" time="0.001"/>
  <system-out>
    <![CDATA[Running TC9]]>
  </system-out>
</testsuite> <!-- TestNG_Program.A3 -->
