<?xml version="1.0" encoding="UTF-8"?>
<!-- Generated by org.testng.reporters.JUnitReportReporter -->
<testsuite hostname="LAPTOP-0L5A3EEK" failures="0" tests="1" name="Parallel_Execution.MultiBrowsing" time="5.691" errors="0" timestamp="2022-11-02T20:16:23 IST" skipped="0">
  <testcase classname="Parallel_Execution.MultiBrowsing" name="TC1" time="5.691"/>
  <system-out/>
</testsuite> <!-- Parallel_Execution.MultiBrowsing -->
