<?xml version="1.0" encoding="UTF-8"?>
<!-- Generated by org.testng.reporters.JUnitReportReporter -->
<testsuite hostname="LAPTOP-0L5A3EEK" failures="0" tests="3" name="TestNG_Program.Emailable" time="0.013" errors="0" timestamp="2022-10-31T17:58:20 IST" skipped="0">
  <testcase classname="TestNG_Program.Emailable" name="tc3" time="0.002"/>
  <system-out>
    <![CDATA[Running TC3]]>
  </system-out>
  <testcase classname="TestNG_Program.Emailable" name="tc1" time="0.010"/>
  <system-out>
    <![CDATA[Running TC1]]>
  </system-out>
  <testcase classname="TestNG_Program.Emailable" name="tc2" time="0.001"/>
  <system-out>
    <![CDATA[Running TC2]]>
  </system-out>
</testsuite> <!-- TestNG_Program.Emailable -->
