<?xml version="1.0" encoding="UTF-8"?>
<!-- Generated by org.testng.reporters.JUnitReportReporter -->
<testsuite hostname="LAPTOP-0L5A3EEK" failures="0" tests="7" name="TestNG_Program.Invocation_Count" time="0.014" errors="0" timestamp="2022-10-31T18:46:57 IST" skipped="0">
  <testcase classname="TestNG_Program.Invocation_Count" name="TC1" time="0.001"/>
  <system-out>
    <![CDATA[Running Test case 1]]>
  </system-out>
  <testcase classname="TestNG_Program.Invocation_Count" name="TC1" time="0.002"/>
  <system-out>
    <![CDATA[Running Test case 1]]>
  </system-out>
  <testcase classname="TestNG_Program.Invocation_Count" name="TC1" time="0.001"/>
  <system-out>
    <![CDATA[Running Test case 1]]>
  </system-out>
  <testcase classname="TestNG_Program.Invocation_Count" name="TC1" time="0.001"/>
  <system-out>
    <![CDATA[Running Test case 1]]>
  </system-out>
  <testcase classname="TestNG_Program.Invocation_Count" name="TC1" time="0.000"/>
  <system-out>
    <![CDATA[Running Test case 1]]>
  </system-out>
  <testcase classname="TestNG_Program.Invocation_Count" name="TC1" time="0.001"/>
  <system-out>
    <![CDATA[Running Test case 1]]>
  </system-out>
  <testcase classname="TestNG_Program.Invocation_Count" name="TC1" time="0.008"/>
  <system-out>
    <![CDATA[Running Test case 1]]>
  </system-out>
</testsuite> <!-- TestNG_Program.Invocation_Count -->
