<?xml version="1.0" encoding="UTF-8"?>
<!-- Generated by org.testng.reporters.JUnitReportReporter -->
<testsuite hostname="LAPTOP-0L5A3EEK" failures="0" tests="3" name="TestNG_Program.B" time="0.010" errors="0" timestamp="2022-11-01T09:01:21 IST" skipped="0">
  <testcase classname="TestNG_Program.B" name="TC6" time="0.000"/>
  <system-out>
    <![CDATA[Running TC6]]>
  </system-out>
  <testcase classname="TestNG_Program.B" name="TC4" time="0.009"/>
  <system-out>
    <![CDATA[Running TC4]]>
  </system-out>
  <testcase classname="TestNG_Program.B" name="TC5" time="0.001"/>
  <system-out>
    <![CDATA[Running TC5]]>
  </system-out>
</testsuite> <!-- TestNG_Program.B -->
